* Detalles de Error de Compilacion*

Linea: 3	ERROR SINTACTICO
	Se esperaba: )
	antes de: +

Linea: 3	ERROR SINTACTICO
	Se esperaba: entonces
	antes de: +

Linea: 3	ERROR SINTACTICO
	Se esperaba: enunciado
	antes de: +

Linea: 3	ERROR SINTACTICO
	Se esperaba: enunciado
	antes de: 1

Linea: 3	ERROR SINTACTICO
	Se esperaba: enunciado
	antes de: )

Linea: 3	ERROR SINTACTICO
	Se esperaba: enunciado
	antes de: entonces

Linea: 4	ERROR SINTACTICO
	Se esperaba: )
	antes de: +

Linea: 4	ERROR SINTACTICO
	Se esperaba: )
	antes de: +

Linea: 4	ERROR SINTACTICO
	Se esperaba: ;
	antes de: +

Linea: 4	ERROR SINTACTICO
	Se esperaba: enunciado
	antes de: +

Linea: 4	ERROR SINTACTICO
	Se esperaba: enunciado
	antes de: 1

Linea: 4	ERROR SINTACTICO
	Se esperaba: enunciado
	antes de: )

Linea: 4	ERROR SINTACTICO
	Se esperaba: enunciado
	antes de: )

Linea: 6	ERROR SINTACTICO
	Se esperaba: enunciado
	antes de: otro

Linea: 13	ERROR SINTACTICO
	Se esperaba: )
	antes de: +

Linea: 13	ERROR SINTACTICO
	Se esperaba: ;
	antes de: +

Linea: 13	ERROR SINTACTICO
	Se esperaba: enunciado
	antes de: +

Linea: 13	ERROR SINTACTICO
	Se esperaba: enunciado
	antes de: 1

Linea: 13	ERROR SINTACTICO
	Se esperaba: enunciado
	antes de: )

