* Detalles de Error de Compilacion*

Linea: 4	ERROR SINTACTICO
	Se esperaba: )
	antes de: +

Linea: 4	ERROR SINTACTICO
	Se esperaba: haz
	antes de: +

Linea: 4	ERROR SINTACTICO
	Se esperaba: enunciado
	antes de: +

Linea: 4	ERROR SINTACTICO
	Se esperaba: enunciado
	antes de: 1

Linea: 4	ERROR SINTACTICO
	Se esperaba: enunciado
	antes de: )

Linea: 4	ERROR SINTACTICO
	Se esperaba: enunciado
	antes de: <=

Linea: 4	ERROR SINTACTICO
	Se esperaba: enunciado
	antes de: 8

Linea: 5	ERROR SINTACTICO
	Se esperaba: enunciado
	antes de: haz

