* Detalles de Error de Compilacion*

Linea: 10	ERROR SINTACTICO
	Se esperaba: =
	antes de: hola

Linea: 11	ERROR SINTACTICO
	Se esperaba: ENTERO
	antes de: hola

Linea: 12	ERROR SINTACTICO
	Se esperaba: ;
	antes de: hola

Linea: 14	ERROR SINTACTICO
	Se esperaba: =
	antes de: hola

Linea: 15	ERROR SINTACTICO
	Se esperaba: ENTERO
	antes de: hola

Linea: 16	ERROR SINTACTICO
	Se esperaba: ;
	antes de: hola

Linea: 18	ERROR SINTACTICO
	Se esperaba: =
	antes de: hola

Linea: 19	ERROR SINTACTICO
	Se esperaba: ENTERO
	antes de: hola

Linea: 20	ERROR SINTACTICO
	Se esperaba: ;
	antes de: hola

Linea: 22	ERROR SINTACTICO
	Se esperaba: =
	antes de: hola

Linea: 23	ERROR SINTACTICO
	Se esperaba: ENTERO
	antes de: hola

Linea: 24	ERROR SINTACTICO
	Se esperaba: ;
	antes de: hola

Linea: 26	ERROR SINTACTICO
	Se esperaba: =
	antes de: hola

Linea: 27	ERROR SINTACTICO
	Se esperaba: ENTERO
	antes de: hola

Linea: 28	ERROR SINTACTICO
	Se esperaba: ;
	antes de: hola

Linea: 30	ERROR SINTACTICO
	Se esperaba: =
	antes de: hola

Linea: 31	ERROR SINTACTICO
	Se esperaba: ENTERO
	antes de: hola

Linea: 32	ERROR SINTACTICO
	Se esperaba: ;
	antes de: hola

Linea: 34	ERROR SINTACTICO
	Se esperaba: =
	antes de: hola

Linea: 35	ERROR SINTACTICO
	Se esperaba: ENTERO
	antes de: hola

Linea: 36	ERROR SINTACTICO
	Se esperaba: ;
	antes de: hola

Linea: 38	ERROR SINTACTICO
	Se esperaba: =
	antes de: hola

Linea: 39	ERROR SINTACTICO
	Se esperaba: ENTERO
	antes de: hola

Linea: 40	ERROR SINTACTICO
	Se esperaba: ;
	antes de: hola

Linea: 42	ERROR SINTACTICO
	Se esperaba: =
	antes de: hola

Linea: 43	ERROR SINTACTICO
	Se esperaba: ENTERO
	antes de: hola

Linea: 44	ERROR SINTACTICO
	Se esperaba: ;
	antes de: hola

Linea: 46	ERROR SINTACTICO
	Se esperaba: =
	antes de: hola

Linea: 47	ERROR SINTACTICO
	Se esperaba: ENTERO
	antes de: hola

Linea: 48	ERROR SINTACTICO
	Se esperaba: ;
	antes de: hola

Linea: 50	ERROR SINTACTICO
	Se esperaba: =
	antes de: hola

Linea: 51	ERROR SINTACTICO
	Se esperaba: ENTERO
	antes de: hola

Linea: 52	ERROR SINTACTICO
	Se esperaba: ;
	antes de: hola

Linea: 54	ERROR SINTACTICO
	Se esperaba: =
	antes de: hola

Linea: 55	ERROR SINTACTICO
	Se esperaba: ENTERO
	antes de: hola

Linea: 56	ERROR SINTACTICO
	Se esperaba: ;
	antes de: hola

Linea: 58	ERROR SINTACTICO
	Se esperaba: =
	antes de: hola

Linea: 59	ERROR SINTACTICO
	Se esperaba: ENTERO
	antes de: hola

Linea: 60	ERROR SINTACTICO
	Se esperaba: ;
	antes de: hola

Linea: 62	ERROR SINTACTICO
	Se esperaba: =
	antes de: hola

Linea: 63	ERROR SINTACTICO
	Se esperaba: ENTERO
	antes de: hola

Linea: 64	ERROR SINTACTICO
	Se esperaba: ;
	antes de: hola

Linea: 66	ERROR SINTACTICO
	Se esperaba: =
	antes de: hola

Linea: 67	ERROR SINTACTICO
	Se esperaba: ENTERO
	antes de: hola

Linea: 68	ERROR SINTACTICO
	Se esperaba: ;
	antes de: hola

Linea: 70	ERROR SINTACTICO
	Se esperaba: =
	antes de: hola

Linea: 71	ERROR SINTACTICO
	Se esperaba: ENTERO
	antes de: hola

Linea: 72	ERROR SINTACTICO
	Se esperaba: ;
	antes de: hola

Linea: 74	ERROR SINTACTICO
	Se esperaba: =
	antes de: hola

Linea: 75	ERROR SINTACTICO
	Se esperaba: ENTERO
	antes de: hola

Linea: 76	ERROR SINTACTICO
	Se esperaba: ;
	antes de: hola

Linea: 78	ERROR SINTACTICO
	Se esperaba: =
	antes de: hola

Linea: 79	ERROR SINTACTICO
	Se esperaba: ENTERO
	antes de: hola

Linea: 80	ERROR SINTACTICO
	Se esperaba: ;
	antes de: hola

Linea: 82	ERROR SINTACTICO
	Se esperaba: =
	antes de: hola

Linea: 83	ERROR SINTACTICO
	Se esperaba: ENTERO
	antes de: hola

Linea: 84	ERROR SINTACTICO
	Se esperaba: ;
	antes de: hola

Linea: 86	ERROR SINTACTICO
	Se esperaba: =
	antes de: hola

Linea: 87	ERROR SINTACTICO
	Se esperaba: ENTERO
	antes de: hola

Linea: 88	ERROR SINTACTICO
	Se esperaba: ;
	antes de: hola

Linea: 90	ERROR SINTACTICO
	Se esperaba: =
	antes de: hola

Linea: 91	ERROR SINTACTICO
	Se esperaba: ENTERO
	antes de: hola

Linea: 92	ERROR SINTACTICO
	Se esperaba: ;
	antes de: hola

Linea: 94	ERROR SINTACTICO
	Se esperaba: =
	antes de: hola

Linea: 95	ERROR SINTACTICO
	Se esperaba: ENTERO
	antes de: hola

Linea: 96	ERROR SINTACTICO
	Se esperaba: ;
	antes de: hola

Linea: 98	ERROR SINTACTICO
	Se esperaba: =
	antes de: hola

Linea: 99	ERROR SINTACTICO
	Se esperaba: ENTERO
	antes de: hola

Linea: 100	ERROR SINTACTICO
	Se esperaba: ;
	antes de: hola

Linea: 102	ERROR SINTACTICO
	Se esperaba: =
	antes de: hola

Linea: 103	ERROR SINTACTICO
	Se esperaba: ENTERO
	antes de: hola

Linea: 104	ERROR SINTACTICO
	Se esperaba: ;
	antes de: hola

Linea: 106	ERROR SINTACTICO
	Se esperaba: =
	antes de: hola

Linea: 107	ERROR SINTACTICO
	Se esperaba: ENTERO
	antes de: hola

Linea: 108	ERROR SINTACTICO
	Se esperaba: ;
	antes de: hola

Linea: 110	ERROR SINTACTICO
	Se esperaba: =
	antes de: hola

Linea: 111	ERROR SINTACTICO
	Se esperaba: ENTERO
	antes de: hola

Linea: 112	ERROR SINTACTICO
	Se esperaba: ;
	antes de: hola

Linea: 114	ERROR SINTACTICO
	Se esperaba: =
	antes de: hola

Linea: 115	ERROR SINTACTICO
	Se esperaba: ENTERO
	antes de: hola

Linea: 116	ERROR SINTACTICO
	Se esperaba: ;
	antes de: hola

Linea: 118	ERROR SINTACTICO
	Se esperaba: =
	antes de: hola

Linea: 119	ERROR SINTACTICO
	Se esperaba: ENTERO
	antes de: hola

Linea: 120	ERROR SINTACTICO
	Se esperaba: ;
	antes de: hola

Linea: 122	ERROR SINTACTICO
	Se esperaba: =
	antes de: hola

Linea: 123	ERROR SINTACTICO
	Se esperaba: ENTERO
	antes de: hola

Linea: 124	ERROR SINTACTICO
	Se esperaba: ;
	antes de: hola

Linea: 126	ERROR SINTACTICO
	Se esperaba: =
	antes de: hola

Linea: 127	ERROR SINTACTICO
	Se esperaba: ENTERO
	antes de: hola

Linea: 128	ERROR SINTACTICO
	Se esperaba: ;
	antes de: hola

Linea: 130	ERROR SINTACTICO
	Se esperaba: =
	antes de: hola

Linea: 131	ERROR SINTACTICO
	Se esperaba: ENTERO
	antes de: hola

Linea: 132	ERROR SINTACTICO
	Se esperaba: ;
	antes de: hola

Linea: 134	ERROR SINTACTICO
	Se esperaba: =
	antes de: hola

Linea: 135	ERROR SINTACTICO
	Se esperaba: ENTERO
	antes de: hola

Linea: 136	ERROR SINTACTICO
	Se esperaba: ;
	antes de: hola

Linea: 138	ERROR SINTACTICO
	Se esperaba: =
	antes de: hola

Linea: 139	ERROR SINTACTICO
	Se esperaba: ENTERO
	antes de: hola

Linea: 140	ERROR SINTACTICO
	Se esperaba: ;
	antes de: hola

Linea: 142	ERROR SINTACTICO
	Se esperaba: =
	antes de: hola

Linea: 143	ERROR SINTACTICO
	Se esperaba: ENTERO
	antes de: hola

Linea: 144	ERROR SINTACTICO
	Se esperaba: ;
	antes de: hola

Linea: 146	ERROR SINTACTICO
	Se esperaba: =
	antes de: hola

Linea: 147	ERROR SINTACTICO
	Se esperaba: ENTERO
	antes de: hola

Linea: 148	ERROR SINTACTICO
	Se esperaba: ;
	antes de: hola

Linea: 150	ERROR SINTACTICO
	Se esperaba: =
	antes de: hola

Linea: 151	ERROR SINTACTICO
	Se esperaba: ENTERO
	antes de: hola

Linea: 152	ERROR SINTACTICO
	Se esperaba: ;
	antes de: hola

Linea: 154	ERROR SINTACTICO
	Se esperaba: =
	antes de: hola

Linea: 155	ERROR SINTACTICO
	Se esperaba: ENTERO
	antes de: hola

Linea: 156	ERROR SINTACTICO
	Se esperaba: ;
	antes de: hola

Linea: 158	ERROR SINTACTICO
	Se esperaba: =
	antes de: hola

Linea: 159	ERROR SINTACTICO
	Se esperaba: ENTERO
	antes de: hola

Linea: 160	ERROR SINTACTICO
	Se esperaba: ;
	antes de: hola

Linea: 162	ERROR SINTACTICO
	Se esperaba: =
	antes de: hola

Linea: 163	ERROR SINTACTICO
	Se esperaba: ENTERO
	antes de: hola

Linea: 164	ERROR SINTACTICO
	Se esperaba: ;
	antes de: hola

Linea: 166	ERROR SINTACTICO
	Se esperaba: =
	antes de: hola

Linea: 167	ERROR SINTACTICO
	Se esperaba: ENTERO
	antes de: hola

Linea: 168	ERROR SINTACTICO
	Se esperaba: ;
	antes de: hola

Linea: 170	ERROR SINTACTICO
	Se esperaba: =
	antes de: hola

Linea: 171	ERROR SINTACTICO
	Se esperaba: ENTERO
	antes de: hola

Linea: 172	ERROR SINTACTICO
	Se esperaba: ;
	antes de: hola

Linea: 174	ERROR SINTACTICO
	Se esperaba: =
	antes de: hola

Linea: 175	ERROR SINTACTICO
	Se esperaba: ENTERO
	antes de: hola

Linea: 176	ERROR SINTACTICO
	Se esperaba: ;
	antes de: hola

Linea: 178	ERROR SINTACTICO
	Se esperaba: =
	antes de: hola

Linea: 179	ERROR SINTACTICO
	Se esperaba: ENTERO
	antes de: hola

Linea: 180	ERROR SINTACTICO
	Se esperaba: ;
	antes de: hola

Linea: 182	ERROR SINTACTICO
	Se esperaba: =
	antes de: hola

Linea: 183	ERROR SINTACTICO
	Se esperaba: ENTERO
	antes de: hola

Linea: 184	ERROR SINTACTICO
	Se esperaba: ;
	antes de: hola

Linea: 186	ERROR SINTACTICO
	Se esperaba: =
	antes de: hola

Linea: 187	ERROR SINTACTICO
	Se esperaba: ENTERO
	antes de: hola

Linea: 188	ERROR SINTACTICO
	Se esperaba: ;
	antes de: hola

Linea: 190	ERROR SINTACTICO
	Se esperaba: =
	antes de: hola

Linea: 191	ERROR SINTACTICO
	Se esperaba: ENTERO
	antes de: hola

Linea: 192	ERROR SINTACTICO
	Se esperaba: ;
	antes de: hola

Linea: 194	ERROR SINTACTICO
	Se esperaba: =
	antes de: hola

Linea: 195	ERROR SINTACTICO
	Se esperaba: ENTERO
	antes de: hola

Linea: 196	ERROR SINTACTICO
	Se esperaba: ;
	antes de: hola

Linea: 198	ERROR SINTACTICO
	Se esperaba: =
	antes de: hola

Linea: 199	ERROR SINTACTICO
	Se esperaba: ENTERO
	antes de: hola

Linea: 200	ERROR SINTACTICO
	Se esperaba: ;
	antes de: hola

Linea: 202	ERROR SINTACTICO
	Se esperaba: =
	antes de: hola

Linea: 203	ERROR SINTACTICO
	Se esperaba: ENTERO
	antes de: hola

Linea: 204	ERROR SINTACTICO
	Se esperaba: ;
	antes de: hola

Linea: 206	ERROR SINTACTICO
	Se esperaba: =
	antes de: hola

Linea: 207	ERROR SINTACTICO
	Se esperaba: ENTERO
	antes de: hola

Linea: 208	ERROR SINTACTICO
	Se esperaba: ;
	antes de: hola

Linea: 210	ERROR SINTACTICO
	Se esperaba: =
	antes de: hola

Linea: 211	ERROR SINTACTICO
	Se esperaba: ENTERO
	antes de: hola

Linea: 212	ERROR SINTACTICO
	Se esperaba: ;
	antes de: hola

Linea: 214	ERROR SINTACTICO
	Se esperaba: =
	antes de: hola

Linea: 215	ERROR SINTACTICO
	Se esperaba: ENTERO
	antes de: hola

Linea: 216	ERROR SINTACTICO
	Se esperaba: ;
	antes de: hola

Linea: 218	ERROR SINTACTICO
	Se esperaba: =
	antes de: hola

Linea: 219	ERROR SINTACTICO
	Se esperaba: ENTERO
	antes de: hola

Linea: 220	ERROR SINTACTICO
	Se esperaba: ;
	antes de: hola

Linea: 222	ERROR SINTACTICO
	Se esperaba: =
	antes de: hola

Linea: 223	ERROR SINTACTICO
	Se esperaba: ENTERO
	antes de: hola

Linea: 224	ERROR SINTACTICO
	Se esperaba: ;
	antes de: hola

Linea: 226	ERROR SINTACTICO
	Se esperaba: =
	antes de: hola

Linea: 227	ERROR SINTACTICO
	Se esperaba: ENTERO
	antes de: hola

Linea: 228	ERROR SINTACTICO
	Se esperaba: ;
	antes de: hola

Linea: 230	ERROR SINTACTICO
	Se esperaba: =
	antes de: hola

Linea: 231	ERROR SINTACTICO
	Se esperaba: ENTERO
	antes de: hola

Linea: 232	ERROR SINTACTICO
	Se esperaba: ;
	antes de: hola

Linea: 234	ERROR SINTACTICO
	Se esperaba: =
	antes de: hola

Linea: 235	ERROR SINTACTICO
	Se esperaba: ENTERO
	antes de: hola

Linea: 236	ERROR SINTACTICO
	Se esperaba: ;
	antes de: hola

Linea: 238	ERROR SINTACTICO
	Se esperaba: =
	antes de: hola

Linea: 239	ERROR SINTACTICO
	Se esperaba: ENTERO
	antes de: hola

Linea: 240	ERROR SINTACTICO
	Se esperaba: ;
	antes de: hola

Linea: 242	ERROR SINTACTICO
	Se esperaba: =
	antes de: hola

Linea: 243	ERROR SINTACTICO
	Se esperaba: ENTERO
	antes de: hola

Linea: 244	ERROR SINTACTICO
	Se esperaba: ;
	antes de: hola

Linea: 246	ERROR SINTACTICO
	Se esperaba: =
	antes de: hola

Linea: 247	ERROR SINTACTICO
	Se esperaba: ENTERO
	antes de: hola

Linea: 248	ERROR SINTACTICO
	Se esperaba: ;
	antes de: hola

Linea: 250	ERROR SINTACTICO
	Se esperaba: =
	antes de: hola

Linea: 251	ERROR SINTACTICO
	Se esperaba: ENTERO
	antes de: hola

Linea: 252	ERROR SINTACTICO
	Se esperaba: ;
	antes de: hola

Linea: 254	ERROR SINTACTICO
	Se esperaba: =
	antes de: hola

Linea: 255	ERROR SINTACTICO
	Se esperaba: ENTERO
	antes de: hola

Linea: 256	ERROR SINTACTICO
	Se esperaba: ;
	antes de: hola

Linea: 258	ERROR SINTACTICO
	Se esperaba: =
	antes de: hola

Linea: 259	ERROR SINTACTICO
	Se esperaba: ENTERO
	antes de: hola

Linea: 260	ERROR SINTACTICO
	Se esperaba: ;
	antes de: hola

Linea: 262	ERROR SINTACTICO
	Se esperaba: =
	antes de: hola

Linea: 263	ERROR SINTACTICO
	Se esperaba: ENTERO
	antes de: hola

Linea: 264	ERROR SINTACTICO
	Se esperaba: ;
	antes de: hola

Linea: 266	ERROR SINTACTICO
	Se esperaba: =
	antes de: hola

Linea: 267	ERROR SINTACTICO
	Se esperaba: ENTERO
	antes de: hola

Linea: 268	ERROR SINTACTICO
	Se esperaba: ;
	antes de: hola

Linea: 270	ERROR SINTACTICO
	Se esperaba: =
	antes de: hola

Linea: 271	ERROR SINTACTICO
	Se esperaba: ENTERO
	antes de: hola

Linea: 272	ERROR SINTACTICO
	Se esperaba: ;
	antes de: hola

Linea: 274	ERROR SINTACTICO
	Se esperaba: =
	antes de: hola

Linea: 275	ERROR SINTACTICO
	Se esperaba: ENTERO
	antes de: hola

Linea: 276	ERROR SINTACTICO
	Se esperaba: ;
	antes de: hola

Linea: 278	ERROR SINTACTICO
	Se esperaba: =
	antes de: hola

Linea: 279	ERROR SINTACTICO
	Se esperaba: ENTERO
	antes de: hola

Linea: 280	ERROR SINTACTICO
	Se esperaba: ;
	antes de: hola

Linea: 282	ERROR SINTACTICO
	Se esperaba: =
	antes de: hola

Linea: 283	ERROR SINTACTICO
	Se esperaba: ENTERO
	antes de: hola

Linea: 284	ERROR SINTACTICO
	Se esperaba: ;
	antes de: hola

Linea: 286	ERROR SINTACTICO
	Se esperaba: =
	antes de: hola

Linea: 287	ERROR SINTACTICO
	Se esperaba: ENTERO
	antes de: hola

Linea: 288	ERROR SINTACTICO
	Se esperaba: ;
	antes de: hola

Linea: 290	ERROR SINTACTICO
	Se esperaba: =
	antes de: hola

Linea: 291	ERROR SINTACTICO
	Se esperaba: ENTERO
	antes de: hola

Linea: 292	ERROR SINTACTICO
	Se esperaba: ;
	antes de: hola

Linea: 294	ERROR SINTACTICO
	Se esperaba: =
	antes de: hola

Linea: 295	ERROR SINTACTICO
	Se esperaba: ENTERO
	antes de: hola

Linea: 296	ERROR SINTACTICO
	Se esperaba: ;
	antes de: hola

Linea: 298	ERROR SINTACTICO
	Se esperaba: =
	antes de: hola

Linea: 299	ERROR SINTACTICO
	Se esperaba: ENTERO
	antes de: hola

Linea: 300	ERROR SINTACTICO
	Se esperaba: ;
	antes de: hola

Linea: 302	ERROR SINTACTICO
	Se esperaba: =
	antes de: hola

Linea: 303	ERROR SINTACTICO
	Se esperaba: ENTERO
	antes de: hola

Linea: 304	ERROR SINTACTICO
	Se esperaba: ;
	antes de: hola

Linea: 306	ERROR SINTACTICO
	Se esperaba: =
	antes de: hola

Linea: 307	ERROR SINTACTICO
	Se esperaba: ENTERO
	antes de: hola

Linea: 308	ERROR SINTACTICO
	Se esperaba: ;
	antes de: hola

Linea: 310	ERROR SINTACTICO
	Se esperaba: =
	antes de: hola

Linea: 311	ERROR SINTACTICO
	Se esperaba: ENTERO
	antes de: hola

Linea: 312	ERROR SINTACTICO
	Se esperaba: ;
	antes de: hola

Linea: 314	ERROR SINTACTICO
	Se esperaba: =
	antes de: hola

Linea: 315	ERROR SINTACTICO
	Se esperaba: ENTERO
	antes de: hola

Linea: 316	ERROR SINTACTICO
	Se esperaba: ;
	antes de: hola

Linea: 318	ERROR SINTACTICO
	Se esperaba: =
	antes de: hola

Linea: 319	ERROR SINTACTICO
	Se esperaba: ENTERO
	antes de: hola

Linea: 320	ERROR SINTACTICO
	Se esperaba: ;
	antes de: hola

Linea: 322	ERROR SINTACTICO
	Se esperaba: =
	antes de: hola

Linea: 323	ERROR SINTACTICO
	Se esperaba: ENTERO
	antes de: hola

Linea: 324	ERROR SINTACTICO
	Se esperaba: ;
	antes de: hola

Linea: 326	ERROR SINTACTICO
	Se esperaba: =
	antes de: hola

Linea: 327	ERROR SINTACTICO
	Se esperaba: ENTERO
	antes de: hola

Linea: 328	ERROR SINTACTICO
	Se esperaba: ;
	antes de: hola

Linea: 330	ERROR SINTACTICO
	Se esperaba: =
	antes de: hola

Linea: 331	ERROR SINTACTICO
	Se esperaba: ENTERO
	antes de: hola

Linea: 332	ERROR SINTACTICO
	Se esperaba: ;
	antes de: hola

Linea: 334	ERROR SINTACTICO
	Se esperaba: =
	antes de: hola

Linea: 335	ERROR SINTACTICO
	Se esperaba: ENTERO
	antes de: hola

Linea: 336	ERROR SINTACTICO
	Se esperaba: ;
	antes de: hola

Linea: 338	ERROR SINTACTICO
	Se esperaba: =
	antes de: hola

Linea: 339	ERROR SINTACTICO
	Se esperaba: ENTERO
	antes de: hola

Linea: 340	ERROR SINTACTICO
	Se esperaba: ;
	antes de: hola

Linea: 342	ERROR SINTACTICO
	Se esperaba: =
	antes de: hola

Linea: 343	ERROR SINTACTICO
	Se esperaba: ENTERO
	antes de: hola

Linea: 344	ERROR SINTACTICO
	Se esperaba: ;
	antes de: hola

Linea: 346	ERROR SINTACTICO
	Se esperaba: =
	antes de: hola

Linea: 347	ERROR SINTACTICO
	Se esperaba: ENTERO
	antes de: hola

Linea: 348	ERROR SINTACTICO
	Se esperaba: ;
	antes de: hola

Linea: 350	ERROR SINTACTICO
	Se esperaba: =
	antes de: hola

Linea: 351	ERROR SINTACTICO
	Se esperaba: ENTERO
	antes de: hola

Linea: 352	ERROR SINTACTICO
	Se esperaba: ;
	antes de: hola

Linea: 354	ERROR SINTACTICO
	Se esperaba: =
	antes de: hola

Linea: 355	ERROR SINTACTICO
	Se esperaba: ENTERO
	antes de: hola

Linea: 356	ERROR SINTACTICO
	Se esperaba: ;
	antes de: hola

Linea: 358	ERROR SINTACTICO
	Se esperaba: =
	antes de: hola

Linea: 359	ERROR SINTACTICO
	Se esperaba: ENTERO
	antes de: hola

Linea: 360	ERROR SINTACTICO
	Se esperaba: ;
	antes de: hola

Linea: 362	ERROR SINTACTICO
	Se esperaba: =
	antes de: hola

Linea: 363	ERROR SINTACTICO
	Se esperaba: ENTERO
	antes de: hola

Linea: 364	ERROR SINTACTICO
	Se esperaba: ;
	antes de: hola

Linea: 366	ERROR SINTACTICO
	Se esperaba: =
	antes de: hola

Linea: 367	ERROR SINTACTICO
	Se esperaba: ENTERO
	antes de: hola

Linea: 368	ERROR SINTACTICO
	Se esperaba: ;
	antes de: hola

Linea: 370	ERROR SINTACTICO
	Se esperaba: =
	antes de: hola

Linea: 371	ERROR SINTACTICO
	Se esperaba: ENTERO
	antes de: hola

Linea: 372	ERROR SINTACTICO
	Se esperaba: ;
	antes de: hola

Linea: 374	ERROR SINTACTICO
	Se esperaba: =
	antes de: hola

Linea: 375	ERROR SINTACTICO
	Se esperaba: ENTERO
	antes de: hola

Linea: 376	ERROR SINTACTICO
	Se esperaba: ;
	antes de: hola

Linea: 378	ERROR SINTACTICO
	Se esperaba: =
	antes de: hola

Linea: 379	ERROR SINTACTICO
	Se esperaba: ENTERO
	antes de: hola

Linea: 380	ERROR SINTACTICO
	Se esperaba: ;
	antes de: hola

Linea: 382	ERROR SINTACTICO
	Se esperaba: =
	antes de: hola

Linea: 383	ERROR SINTACTICO
	Se esperaba: ENTERO
	antes de: hola

Linea: 384	ERROR SINTACTICO
	Se esperaba: ;
	antes de: hola

Linea: 386	ERROR SINTACTICO
	Se esperaba: =
	antes de: hola

Linea: 387	ERROR SINTACTICO
	Se esperaba: ENTERO
	antes de: hola

Linea: 388	ERROR SINTACTICO
	Se esperaba: ;
	antes de: hola

Linea: 390	ERROR SINTACTICO
	Se esperaba: =
	antes de: hola

Linea: 391	ERROR SINTACTICO
	Se esperaba: ENTERO
	antes de: hola

Linea: 392	ERROR SINTACTICO
	Se esperaba: ;
	antes de: hola

Linea: 394	ERROR SINTACTICO
	Se esperaba: =
	antes de: hola

Linea: 395	ERROR SINTACTICO
	Se esperaba: ENTERO
	antes de: hola

Linea: 396	ERROR SINTACTICO
	Se esperaba: ;
	antes de: hola

Linea: 398	ERROR SINTACTICO
	Se esperaba: =
	antes de: hola

Linea: 399	ERROR SINTACTICO
	Se esperaba: ENTERO
	antes de: hola

Linea: 400	ERROR SINTACTICO
	Se esperaba: ;
	antes de: hola

Linea: 402	ERROR SINTACTICO
	Se esperaba: =
	antes de: hola

Linea: 403	ERROR SINTACTICO
	Se esperaba: ENTERO
	antes de: hola

Linea: 404	ERROR SINTACTICO
	Se esperaba: ;
	antes de: hola

Linea: 406	ERROR SINTACTICO
	Se esperaba: =
	antes de: hola

Linea: 407	ERROR SINTACTICO
	Se esperaba: ENTERO
	antes de: hola

Linea: 408	ERROR SINTACTICO
	Se esperaba: ;
	antes de: hola

Linea: 410	ERROR SINTACTICO
	Se esperaba: =
	antes de: hola

Linea: 411	ERROR SINTACTICO
	Se esperaba: ENTERO
	antes de: hola

Linea: 412	ERROR SINTACTICO
	Se esperaba: ;
	antes de: hola

Linea: 414	ERROR SINTACTICO
	Se esperaba: =
	antes de: hola

Linea: 415	ERROR SINTACTICO
	Se esperaba: ENTERO
	antes de: hola

Linea: 416	ERROR SINTACTICO
	Se esperaba: ;
	antes de: hola

