* Detalles de Error de Compilacion*

Linea: 5	ERROR SINTACTICO
	Se esperaba: comienza
	antes de: n

Linea: 5	ERROR SINTACTICO
	Se esperaba: IDENTIFICADOR
	antes de: =

Linea: 5	ERROR SINTACTICO
	Se esperaba: =
	antes de: 4

Linea: 5	ERROR SINTACTICO
	Se esperaba: ENTERO
	antes de: ;

Linea: 5	ERROR SINTACTICO
	Se esperaba: ;
	antes de: n2

Linea: 5	ERROR SINTACTICO
	Se esperaba: IDENTIFICADOR
	antes de: 4

Linea: 5	ERROR SINTACTICO
	Se esperaba: =
	antes de: ;

Linea: 5	ERROR SINTACTICO
	Se esperaba: ENTERO
	antes de: n3

Linea: 5	ERROR SINTACTICO
	Se esperaba: ;
	antes de: =

Linea: 5	ERROR SINTACTICO
	Se esperaba: IDENTIFICADOR
	antes de: ;

Linea: 5	ERROR SINTACTICO
	Se esperaba: =
	antes de: n3

Linea: 5	ERROR SINTACTICO
	Se esperaba: ENTERO
	antes de: =

Linea: 5	ERROR SINTACTICO
	Se esperaba: ;
	antes de: 4

Linea: 7	ERROR SINTACTICO
	Se esperaba: IDENTIFICADOR
	antes de: =

Linea: 7	ERROR SINTACTICO
	Se esperaba: =
	antes de: 422

Linea: 7	ERROR SINTACTICO
	Se esperaba: ENTERO
	antes de: ;

Linea: 8	ERROR SINTACTICO
	Se esperaba: ;
	antes de: a1

Linea: 8	ERROR SINTACTICO
	Se esperaba: IDENTIFICADOR
	antes de: 34

Linea: 8	ERROR SINTACTICO
	Se esperaba: =
	antes de: ;

Linea: 9	ERROR SINTACTICO
	Se esperaba: ENTERO
	antes de: opc1

Linea: 9	ERROR SINTACTICO
	Se esperaba: ;
	antes de: =

Linea: 9	ERROR SINTACTICO
	Se esperaba: IDENTIFICADOR
	antes de: ;

Linea: 9	ERROR SINTACTICO
	Se esperaba: =
	antes de: opc2

Linea: 9	ERROR SINTACTICO
	Se esperaba: ENTERO
	antes de: =

Linea: 9	ERROR SINTACTICO
	Se esperaba: ;
	antes de: 4

Linea: 9	ERROR SINTACTICO
	Se esperaba: IDENTIFICADOR
	antes de: =

Linea: 9	ERROR SINTACTICO
	Se esperaba: =
	antes de: 4

Linea: 9	ERROR SINTACTICO
	Se esperaba: ENTERO
	antes de: ;

Linea: 10	ERROR SINTACTICO
	Se esperaba: ;
	antes de: var1

Linea: 10	ERROR SINTACTICO
	Se esperaba: IDENTIFICADOR
	antes de: 434

Linea: 10	ERROR SINTACTICO
	Se esperaba: =
	antes de: ;

Linea: 10	ERROR SINTACTICO
	Se esperaba: ENTERO
	antes de: var2

Linea: 10	ERROR SINTACTICO
	Se esperaba: ;
	antes de: =

Linea: 10	ERROR SINTACTICO
	Se esperaba: IDENTIFICADOR
	antes de: ;

Linea: 11	ERROR SINTACTICO
	Se esperaba: =
	antes de: g1

Linea: 11	ERROR SINTACTICO
	Se esperaba: ENTERO
	antes de: =

Linea: 11	ERROR SINTACTICO
	Se esperaba: ;
	antes de: 422

